# JRE version: OpenJDK Runtime Environment (17.0.10) (build 17.0.10+0--11572160)
# Java VM: OpenJDK 64-Bit Server VM (17.0.10+0--11572160, mixed mode, tiered, compressed oops, compressed class ptrs, g1 gc, windows-amd64)
GC Precious Log:
 CPUs: 4 total, 4 available
 Memory: 3966M
 Large Page Support: Disabled
 NUMA Support: Disabled
 Compressed Oops: Enabled (32-bit)
 Heap Region Size: 1M
 Heap Min Capacity: 8M
 Heap Initial Capacity: 62M
 Heap Max Capacity: 2G
 Pre-touch: Disabled
 Parallel Workers: 4
 Concurrent Workers: 1
 Concurrent Refinement Workers: 4
 Periodic GC: Disabled
Heap:
 garbage-first heap   total 155648K, used 92881K [0x0000000080000000, 0x0000000100000000)
  region size 1024K, 2 young (2048K), 2 survivors (2048K)
 Metaspace       used 96898K, committed 97664K, reserved 557056K
  class space    used 13283K, committed 13632K, reserved 425984K
GC Heap History (20 events):
Event: 30.849 GC heap after
{Heap after GC invocations=34 (full 0):
 garbage-first heap   total 119808K, used 65545K [0x0000000080000000, 0x0000000100000000)
  region size 1024K, 4 young (4096K), 4 survivors (4096K)
 Metaspace       used 80326K, committed 81024K, reserved 557056K
  class space    used 11022K, committed 11328K, reserved 425984K
}
Event: 32.039 GC heap before
{Heap before GC invocations=34 (full 0):
 garbage-first heap   total 119808K, used 98313K [0x0000000080000000, 0x0000000100000000)
  region size 1024K, 36 young (36864K), 4 survivors (4096K)
 Metaspace       used 82044K, committed 82752K, reserved 557056K
  class space    used 11263K, committed 11584K, reserved 425984K
}
Event: 32.053 GC heap after
{Heap after GC invocations=35 (full 0):
 garbage-first heap   total 144384K, used 69183K [0x0000000080000000, 0x0000000100000000)
  region size 1024K, 5 young (5120K), 5 survivors (5120K)
 Metaspace       used 82044K, committed 82752K, reserved 557056K
  class space    used 11263K, committed 11584K, reserved 425984K
}
Event: 34.288 GC heap before
{Heap before GC invocations=36 (full 0):
 garbage-first heap   total 144384K, used 114239K [0x0000000080000000, 0x0000000100000000)
  region size 1024K, 49 young (50176K), 5 survivors (5120K)
 Metaspace       used 85721K, committed 86400K, reserved 557056K
  class space    used 11886K, committed 12160K, reserved 425984K
}
Event: 34.311 GC heap after
{Heap after GC invocations=37 (full 0):
 garbage-first heap   total 144384K, used 73146K [0x0000000080000000, 0x0000000100000000)
  region size 1024K, 7 young (7168K), 7 survivors (7168K)
 Metaspace       used 85721K, committed 86400K, reserved 557056K
  class space    used 11886K, committed 12160K, reserved 425984K
}
Event: 34.349 GC heap before
{Heap before GC invocations=37 (full 0):
 garbage-first heap   total 144384K, used 74170K [0x0000000080000000, 0x0000000100000000)
  region size 1024K, 8 young (8192K), 7 survivors (7168K)
 Metaspace       used 85791K, committed 86528K, reserved 557056K
  class space    used 11897K, committed 12224K, reserved 425984K
}
Event: 34.369 GC heap after
{Heap after GC invocations=38 (full 0):
 garbage-first heap   total 144384K, used 73462K [0x0000000080000000, 0x0000000100000000)
  region size 1024K, 1 young (1024K), 1 survivors (1024K)
 Metaspace       used 85791K, committed 86528K, reserved 557056K
  class space    used 11897K, committed 12224K, reserved 425984K
}
Event: 35.514 GC heap before
{Heap before GC invocations=38 (full 0):
 garbage-first heap   total 144384K, used 111350K [0x0000000080000000, 0x0000000100000000)
  region size 1024K, 39 young (39936K), 1 survivors (1024K)
 Metaspace       used 86675K, committed 87360K, reserved 557056K
  class space    used 12024K, committed 12288K, reserved 425984K
}
Event: 35.522 GC heap after
{Heap after GC invocations=39 (full 0):
 garbage-first heap   total 144384K, used 74346K [0x0000000080000000, 0x0000000100000000)
  region size 1024K, 2 young (2048K), 2 survivors (2048K)
 Metaspace       used 86675K, committed 87360K, reserved 557056K
  class space    used 12024K, committed 12288K, reserved 425984K
}
Event: 36.833 GC heap before
{Heap before GC invocations=40 (full 0):
 garbage-first heap   total 144384K, used 122474K [0x0000000080000000, 0x0000000100000000)
  region size 1024K, 44 young (45056K), 2 survivors (2048K)
 Metaspace       used 89312K, committed 89984K, reserved 557056K
  class space    used 12379K, committed 12672K, reserved 425984K
}
Event: 36.842 GC heap after
{Heap after GC invocations=41 (full 0):
 garbage-first heap   total 144384K, used 86945K [0x0000000080000000, 0x0000000100000000)
  region size 1024K, 6 young (6144K), 6 survivors (6144K)
 Metaspace       used 89312K, committed 89984K, reserved 557056K
  class space    used 12379K, committed 12672K, reserved 425984K
}
Event: 36.863 GC heap before
{Heap before GC invocations=41 (full 0):
 garbage-first heap   total 144384K, used 87969K [0x0000000080000000, 0x0000000100000000)
  region size 1024K, 7 young (7168K), 6 survivors (6144K)
 Metaspace       used 89418K, committed 90112K, reserved 557056K
  class space    used 12382K, committed 12672K, reserved 425984K
}
Event: 36.872 GC heap after
{Heap after GC invocations=42 (full 0):
 garbage-first heap   total 144384K, used 86911K [0x0000000080000000, 0x0000000100000000)
  region size 1024K, 1 young (1024K), 1 survivors (1024K)
 Metaspace       used 89418K, committed 90112K, reserved 557056K
  class space    used 12382K, committed 12672K, reserved 425984K
}
Event: 37.503 GC heap before
{Heap before GC invocations=42 (full 0):
 garbage-first heap   total 144384K, used 119679K [0x0000000080000000, 0x0000000100000000)
  region size 1024K, 33 young (33792K), 1 survivors (1024K)
 Metaspace       used 92599K, committed 93312K, reserved 557056K
  class space    used 12695K, committed 12992K, reserved 425984K
}
Event: 37.506 GC heap after
{Heap after GC invocations=43 (full 0):
 garbage-first heap   total 144384K, used 87491K [0x0000000080000000, 0x0000000100000000)
  region size 1024K, 1 young (1024K), 1 survivors (1024K)
 Metaspace       used 92599K, committed 93312K, reserved 557056K
  class space    used 12695K, committed 12992K, reserved 425984K
}
Event: 38.384 GC heap before
{Heap before GC invocations=44 (full 0):
 garbage-first heap   total 155648K, used 127427K [0x0000000080000000, 0x0000000100000000)
  region size 1024K, 34 young (34816K), 1 survivors (1024K)
 Metaspace       used 94027K, committed 94784K, reserved 557056K
  class space    used 12928K, committed 13248K, reserved 425984K
}
Event: 38.390 GC heap after
{Heap after GC invocations=45 (full 0):
 garbage-first heap   total 155648K, used 91739K [0x0000000080000000, 0x0000000100000000)
  region size 1024K, 5 young (5120K), 5 survivors (5120K)
 Metaspace       used 94027K, committed 94784K, reserved 557056K
  class space    used 12928K, committed 13248K, reserved 425984K
}
Event: 38.427 GC heap before
{Heap before GC invocations=45 (full 0):
 garbage-first heap   total 155648K, used 92763K [0x0000000080000000, 0x0000000100000000)
  region size 1024K, 7 young (7168K), 5 survivors (5120K)
 Metaspace       used 94202K, committed 94976K, reserved 557056K
  class space    used 12943K, committed 13312K, reserved 425984K
}
Event: 38.440 GC heap after
{Heap after GC invocations=46 (full 0):
 garbage-first heap   total 155648K, used 91484K [0x0000000080000000, 0x0000000100000000)
  region size 1024K, 1 young (1024K), 1 survivors (1024K)
 Metaspace       used 94202K, committed 94976K, reserved 557056K
  class space    used 12943K, committed 13312K, reserved 425984K
}
Event: 39.101 GC heap before
{Heap before GC invocations=46 (full 0):
 garbage-first heap   total 155648K, used 128348K [0x0000000080000000, 0x0000000100000000)
  region size 1024K, 37 young (37888K), 1 survivors (1024K)
 Metaspace       used 96898K, committed 97664K, reserved 557056K
  class space    used 13283K, committed 13632K, reserved 425984K
}

